<?xml version="1.0" encoding="UTF-8"?>
<testng-results ignored="0" total="1" passed="1" failed="0" skipped="0">
  <reporter-output>
  </reporter-output>
  <suite started-at="2024-04-19T16:04:16 IST" name="Suite" finished-at="2024-04-19T16:04:48 IST" duration-ms="32143">
    <groups>
      <group name="cucumber">
        <method signature="AbstractTestNGCucumberTests.runScenario(io.cucumber.testng.PickleWrapper,io.cucumber.testng.FeatureWrapper)[pri:0, instance:Runner.TestRunner@1d9b7cce]" name="runScenario" class="io.cucumber.testng.AbstractTestNGCucumberTests"/>
      </group> <!-- cucumber -->
    </groups>
    <test started-at="2024-04-19T16:04:16 IST" name="Test" finished-at="2024-04-19T16:04:48 IST" duration-ms="32143">
      <class name="Runner.TestRunner">
        <test-method is-config="true" signature="setUpClass(org.testng.ITestContext)[pri:0, instance:Runner.TestRunner@1d9b7cce]" started-at="2024-04-19T16:04:16 IST" name="setUpClass" finished-at="2024-04-19T16:04:17 IST" duration-ms="1017" status="PASS">
          <params>
            <param index="0">
              <value>
                <![CDATA[org.testng.TestRunner@1aac188d]]>
              </value>
            </param>
          </params>
          <reporter-output>
          </reporter-output>
        </test-method> <!-- setUpClass -->
        <test-method signature="runScenario(io.cucumber.testng.PickleWrapper,io.cucumber.testng.FeatureWrapper)[pri:0, instance:Runner.TestRunner@1d9b7cce]" started-at="2024-04-19T16:04:17 IST" name="runScenario" description="Runs Cucumber Scenarios" data-provider="scenarios" finished-at="2024-04-19T16:04:48 IST" duration-ms="30992" status="PASS">
          <params>
            <param index="0">
              <value>
                <![CDATA["Registration Of end user"]]>
              </value>
            </param>
            <param index="1">
              <value>
                <![CDATA["Check Whether the user is able to Register"]]>
              </value>
            </param>
          </params>
          <reporter-output>
          </reporter-output>
        </test-method> <!-- runScenario -->
        <test-method is-config="true" signature="tearDownClass()[pri:0, instance:Runner.TestRunner@1d9b7cce]" started-at="2024-04-19T16:04:48 IST" name="tearDownClass" finished-at="2024-04-19T16:04:48 IST" duration-ms="54" status="PASS">
          <reporter-output>
          </reporter-output>
        </test-method> <!-- tearDownClass -->
      </class> <!-- Runner.TestRunner -->
    </test> <!-- Test -->
  </suite> <!-- Suite -->
</testng-results>
