<?xml version="1.0" encoding="UTF-8"?>
<testng-results ignored="0" total="2" passed="2" failed="0" skipped="0">
  <reporter-output>
  </reporter-output>
  <suite started-at="2024-04-19T17:13:03 IST" name="Suite" finished-at="2024-04-19T17:14:12 IST" duration-ms="69369">
    <groups>
      <group name="cucumber">
        <method signature="AbstractTestNGCucumberTests.runScenario(io.cucumber.testng.PickleWrapper,io.cucumber.testng.FeatureWrapper)[pri:0, instance:Runner.TestRunner@1d9b7cce]" name="runScenario" class="io.cucumber.testng.AbstractTestNGCucumberTests"/>
      </group> <!-- cucumber -->
    </groups>
    <test started-at="2024-04-19T17:13:03 IST" name="Test" finished-at="2024-04-19T17:14:12 IST" duration-ms="69369">
      <class name="Runner.TestRunner">
        <test-method is-config="true" signature="setUpClass(org.testng.ITestContext)[pri:0, instance:Runner.TestRunner@1d9b7cce]" started-at="2024-04-19T17:13:03 IST" name="setUpClass" finished-at="2024-04-19T17:13:04 IST" duration-ms="1212" status="PASS">
          <params>
            <param index="0">
              <value>
                <![CDATA[org.testng.TestRunner@62e93c3a]]>
              </value>
            </param>
          </params>
          <reporter-output>
          </reporter-output>
        </test-method> <!-- setUpClass -->
        <test-method signature="runScenario(io.cucumber.testng.PickleWrapper,io.cucumber.testng.FeatureWrapper)[pri:0, instance:Runner.TestRunner@1d9b7cce]" started-at="2024-04-19T17:13:04 IST" name="runScenario" description="Runs Cucumber Scenarios" data-provider="scenarios" finished-at="2024-04-19T17:13:38 IST" duration-ms="33736" status="PASS">
          <params>
            <param index="0">
              <value>
                <![CDATA["Registration Of end user"]]>
              </value>
            </param>
            <param index="1">
              <value>
                <![CDATA["Check Whether the user is able to Register"]]>
              </value>
            </param>
          </params>
          <reporter-output>
          </reporter-output>
        </test-method> <!-- runScenario -->
        <test-method signature="runScenario(io.cucumber.testng.PickleWrapper,io.cucumber.testng.FeatureWrapper)[pri:0, instance:Runner.TestRunner@1d9b7cce]" started-at="2024-04-19T17:13:38 IST" name="runScenario" description="Runs Cucumber Scenarios" data-provider="scenarios" finished-at="2024-04-19T17:14:12 IST" duration-ms="34227" status="PASS">
          <params>
            <param index="0">
              <value>
                <![CDATA["Registration Of end user"]]>
              </value>
            </param>
            <param index="1">
              <value>
                <![CDATA["Check Whether the user is able to Register"]]>
              </value>
            </param>
          </params>
          <reporter-output>
          </reporter-output>
        </test-method> <!-- runScenario -->
        <test-method is-config="true" signature="tearDownClass()[pri:0, instance:Runner.TestRunner@1d9b7cce]" started-at="2024-04-19T17:14:12 IST" name="tearDownClass" finished-at="2024-04-19T17:14:12 IST" duration-ms="71" status="PASS">
          <reporter-output>
          </reporter-output>
        </test-method> <!-- tearDownClass -->
      </class> <!-- Runner.TestRunner -->
    </test> <!-- Test -->
  </suite> <!-- Suite -->
</testng-results>
